{"/home/vagrant/workspace/self-study/assign-your-part/models/assignParts.js": {"path":"/home/vagrant/workspace/self-study/assign-your-part/models/assignParts.js","statementMap":{"0":{"start":{"line":6,"column":15},"end":{"line":6,"column":40}},"1":{"start":{"line":7,"column":24},"end":{"line":7,"column":52}},"2":{"start":{"line":10,"column":20},"end":{"line":10,"column":72}},"3":{"start":{"line":11,"column":30},"end":{"line":11,"column":93}},"4":{"start":{"line":12,"column":27},"end":{"line":12,"column":73}},"5":{"start":{"line":14,"column":2},"end":{"line":23,"column":5}},"6":{"start":{"line":15,"column":18},"end":{"line":15,"column":41}},"7":{"start":{"line":16,"column":24},"end":{"line":16,"column":94}},"8":{"start":{"line":17,"column":27},"end":{"line":17,"column":61}},"9":{"start":{"line":18,"column":4},"end":{"line":18,"column":52}},"10":{"start":{"line":20,"column":27},"end":{"line":20,"column":90}},"11":{"start":{"line":22,"column":4},"end":{"line":22,"column":58}},"12":{"start":{"line":24,"column":2},"end":{"line":24,"column":18}},"13":{"start":{"line":26,"column":0},"end":{"line":26,"column":29}}},"fnMap":{"0":{"name":"assignParts","decl":{"start":{"line":9,"column":9},"end":{"line":9,"column":20}},"loc":{"start":{"line":9,"column":44},"end":{"line":25,"column":1}},"line":9},"1":{"name":"(anonymous_1)","decl":{"start":{"line":14,"column":27},"end":{"line":14,"column":28}},"loc":{"start":{"line":14,"column":42},"end":{"line":23,"column":3}},"line":14}},"branchMap":{},"s":{"0":1,"1":1,"2":1,"3":1,"4":1,"5":1,"6":2,"7":2,"8":2,"9":2,"10":2,"11":2,"12":1,"13":1},"f":{"0":1,"1":2},"b":{},"_coverageSchema":"1a1c01bbd47fc00a2c39e90264f33305004495a9","hash":"29f81f51c023a68cf378bc2baf47ccbfed82aa43"}
,"/home/vagrant/workspace/self-study/assign-your-part/models/assigntmentFunc.js": {"path":"/home/vagrant/workspace/self-study/assign-your-part/models/assigntmentFunc.js","statementMap":{"0":{"start":{"line":4,"column":15},"end":{"line":4,"column":40}},"1":{"start":{"line":7,"column":18},"end":{"line":7,"column":19}},"2":{"start":{"line":8,"column":2},"end":{"line":10,"column":5}},"3":{"start":{"line":9,"column":4},"end":{"line":9,"column":37}},"4":{"start":{"line":11,"column":2},"end":{"line":11,"column":19}},"5":{"start":{"line":13,"column":0},"end":{"line":13,"column":30}},"6":{"start":{"line":16,"column":20},"end":{"line":16,"column":21}},"7":{"start":{"line":17,"column":2},"end":{"line":19,"column":5}},"8":{"start":{"line":18,"column":4},"end":{"line":18,"column":65}},"9":{"start":{"line":20,"column":2},"end":{"line":20,"column":21}},"10":{"start":{"line":24,"column":23},"end":{"line":24,"column":62}},"11":{"start":{"line":25,"column":2},"end":{"line":25,"column":22}},"12":{"start":{"line":29,"column":27},"end":{"line":29,"column":29}},"13":{"start":{"line":30,"column":25},"end":{"line":30,"column":48}},"14":{"start":{"line":31,"column":29},"end":{"line":31,"column":52}},"15":{"start":{"line":33,"column":2},"end":{"line":35,"column":3}},"16":{"start":{"line":34,"column":4},"end":{"line":34,"column":28}},"17":{"start":{"line":36,"column":10},"end":{"line":36,"column":24}},"18":{"start":{"line":37,"column":2},"end":{"line":42,"column":3}},"19":{"start":{"line":38,"column":25},"end":{"line":38,"column":63}},"20":{"start":{"line":39,"column":4},"end":{"line":39,"column":60}},"21":{"start":{"line":40,"column":4},"end":{"line":40,"column":47}},"22":{"start":{"line":41,"column":4},"end":{"line":41,"column":11}},"23":{"start":{"line":45,"column":2},"end":{"line":45,"column":26}},"24":{"start":{"line":49,"column":24},"end":{"line":49,"column":33}},"25":{"start":{"line":50,"column":26},"end":{"line":50,"column":143}},"26":{"start":{"line":51,"column":2},"end":{"line":51,"column":56}},"27":{"start":{"line":52,"column":2},"end":{"line":52,"column":67}},"28":{"start":{"line":54,"column":2},"end":{"line":54,"column":23}},"29":{"start":{"line":58,"column":20},"end":{"line":58,"column":38}},"30":{"start":{"line":59,"column":22},"end":{"line":59,"column":48}},"31":{"start":{"line":60,"column":20},"end":{"line":60,"column":29}},"32":{"start":{"line":61,"column":27},"end":{"line":61,"column":81}},"33":{"start":{"line":63,"column":2},"end":{"line":66,"column":5}},"34":{"start":{"line":64,"column":26},"end":{"line":64,"column":97}},"35":{"start":{"line":65,"column":4},"end":{"line":65,"column":45}},"36":{"start":{"line":67,"column":2},"end":{"line":67,"column":19}},"37":{"start":{"line":69,"column":0},"end":{"line":69,"column":38}},"38":{"start":{"line":72,"column":30},"end":{"line":72,"column":39}},"39":{"start":{"line":73,"column":2},"end":{"line":75,"column":5}},"40":{"start":{"line":74,"column":4},"end":{"line":74,"column":101}},"41":{"start":{"line":76,"column":2},"end":{"line":76,"column":29}},"42":{"start":{"line":78,"column":0},"end":{"line":78,"column":58}},"43":{"start":{"line":81,"column":22},"end":{"line":81,"column":24}},"44":{"start":{"line":82,"column":32},"end":{"line":82,"column":70}},"45":{"start":{"line":84,"column":20},"end":{"line":84,"column":52}},"46":{"start":{"line":85,"column":10},"end":{"line":85,"column":19}},"47":{"start":{"line":86,"column":2},"end":{"line":99,"column":3}},"48":{"start":{"line":87,"column":25},"end":{"line":87,"column":66}},"49":{"start":{"line":88,"column":26},"end":{"line":88,"column":61}},"50":{"start":{"line":89,"column":4},"end":{"line":89,"column":36}},"51":{"start":{"line":90,"column":4},"end":{"line":90,"column":82}},"52":{"start":{"line":92,"column":4},"end":{"line":92,"column":95}},"53":{"start":{"line":93,"column":4},"end":{"line":96,"column":5}},"54":{"start":{"line":94,"column":6},"end":{"line":94,"column":48}},"55":{"start":{"line":98,"column":4},"end":{"line":98,"column":11}},"56":{"start":{"line":102,"column":2},"end":{"line":102,"column":21}},"57":{"start":{"line":104,"column":0},"end":{"line":104,"column":42}},"58":{"start":{"line":107,"column":25},"end":{"line":107,"column":34}},"59":{"start":{"line":108,"column":23},"end":{"line":108,"column":24}},"60":{"start":{"line":110,"column":2},"end":{"line":120,"column":5}},"61":{"start":{"line":111,"column":28},"end":{"line":111,"column":30}},"62":{"start":{"line":112,"column":4},"end":{"line":116,"column":5}},"63":{"start":{"line":112,"column":17},"end":{"line":112,"column":28}},"64":{"start":{"line":114,"column":6},"end":{"line":114,"column":56}},"65":{"start":{"line":115,"column":6},"end":{"line":115,"column":26}},"66":{"start":{"line":117,"column":4},"end":{"line":119,"column":5}},"67":{"start":{"line":118,"column":6},"end":{"line":118,"column":48}},"68":{"start":{"line":121,"column":2},"end":{"line":121,"column":24}},"69":{"start":{"line":123,"column":0},"end":{"line":123,"column":48}},"70":{"start":{"line":126,"column":21},"end":{"line":126,"column":48}},"71":{"start":{"line":127,"column":20},"end":{"line":129,"column":4}},"72":{"start":{"line":128,"column":4},"end":{"line":128,"column":81}},"73":{"start":{"line":130,"column":27},"end":{"line":134,"column":22}},"74":{"start":{"line":131,"column":4},"end":{"line":131,"column":36}},"75":{"start":{"line":131,"column":27},"end":{"line":131,"column":36}},"76":{"start":{"line":132,"column":4},"end":{"line":132,"column":37}},"77":{"start":{"line":132,"column":27},"end":{"line":132,"column":37}},"78":{"start":{"line":133,"column":4},"end":{"line":133,"column":70}},"79":{"start":{"line":133,"column":29},"end":{"line":133,"column":70}},"80":{"start":{"line":134,"column":16},"end":{"line":134,"column":21}},"81":{"start":{"line":135,"column":2},"end":{"line":135,"column":26}},"82":{"start":{"line":137,"column":0},"end":{"line":137,"column":52}},"83":{"start":{"line":140,"column":14},"end":{"line":142,"column":28}},"84":{"start":{"line":141,"column":16},"end":{"line":141,"column":24}},"85":{"start":{"line":142,"column":19},"end":{"line":142,"column":27}},"86":{"start":{"line":144,"column":2},"end":{"line":146,"column":3}},"87":{"start":{"line":145,"column":4},"end":{"line":145,"column":47}},"88":{"start":{"line":147,"column":2},"end":{"line":147,"column":34}},"89":{"start":{"line":149,"column":0},"end":{"line":149,"column":62}},"90":{"start":{"line":152,"column":2},"end":{"line":152,"column":77}},"91":{"start":{"line":154,"column":0},"end":{"line":154,"column":42}}},"fnMap":{"0":{"name":"sumPlayer","decl":{"start":{"line":6,"column":9},"end":{"line":6,"column":18}},"loc":{"start":{"line":6,"column":35},"end":{"line":12,"column":1}},"line":6},"1":{"name":"(anonymous_1)","decl":{"start":{"line":8,"column":25},"end":{"line":8,"column":26}},"loc":{"start":{"line":8,"column":42},"end":{"line":10,"column":3}},"line":8},"2":{"name":"countPlayerTotal","decl":{"start":{"line":15,"column":9},"end":{"line":15,"column":25}},"loc":{"start":{"line":15,"column":36},"end":{"line":21,"column":1}},"line":15},"3":{"name":"(anonymous_3)","decl":{"start":{"line":17,"column":19},"end":{"line":17,"column":20}},"loc":{"start":{"line":17,"column":30},"end":{"line":19,"column":3}},"line":17},"4":{"name":"chooseIndex","decl":{"start":{"line":23,"column":9},"end":{"line":23,"column":20}},"loc":{"start":{"line":23,"column":34},"end":{"line":26,"column":1}},"line":23},"5":{"name":"chooseExtraPlayer","decl":{"start":{"line":28,"column":9},"end":{"line":28,"column":26}},"loc":{"start":{"line":28,"column":64},"end":{"line":46,"column":1}},"line":28},"6":{"name":"makeMemberInfoMap","decl":{"start":{"line":48,"column":9},"end":{"line":48,"column":26}},"loc":{"start":{"line":48,"column":81},"end":{"line":55,"column":1}},"line":48},"7":{"name":"makeMemberMap","decl":{"start":{"line":57,"column":9},"end":{"line":57,"column":22}},"loc":{"start":{"line":57,"column":46},"end":{"line":68,"column":1}},"line":57},"8":{"name":"(anonymous_8)","decl":{"start":{"line":63,"column":22},"end":{"line":63,"column":23}},"loc":{"start":{"line":63,"column":38},"end":{"line":66,"column":3}},"line":63},"9":{"name":"makeUnAssignedMemberMap","decl":{"start":{"line":71,"column":9},"end":{"line":71,"column":32}},"loc":{"start":{"line":71,"column":57},"end":{"line":77,"column":1}},"line":71},"10":{"name":"(anonymous_10)","decl":{"start":{"line":73,"column":22},"end":{"line":73,"column":23}},"loc":{"start":{"line":73,"column":38},"end":{"line":75,"column":3}},"line":73},"11":{"name":"makePlayerArray","decl":{"start":{"line":80,"column":9},"end":{"line":80,"column":24}},"loc":{"start":{"line":80,"column":64},"end":{"line":103,"column":1}},"line":80},"12":{"name":"makeAssigntmentMap","decl":{"start":{"line":106,"column":9},"end":{"line":106,"column":27}},"loc":{"start":{"line":106,"column":57},"end":{"line":122,"column":1}},"line":106},"13":{"name":"(anonymous_13)","decl":{"start":{"line":110,"column":25},"end":{"line":110,"column":26}},"loc":{"start":{"line":110,"column":55},"end":{"line":120,"column":3}},"line":110},"14":{"name":"makeSortedPieceArray","decl":{"start":{"line":125,"column":9},"end":{"line":125,"column":29}},"loc":{"start":{"line":125,"column":40},"end":{"line":136,"column":1}},"line":125},"15":{"name":"(anonymous_15)","decl":{"start":{"line":127,"column":35},"end":{"line":127,"column":36}},"loc":{"start":{"line":128,"column":4},"end":{"line":128,"column":81}},"line":128},"16":{"name":"(anonymous_16)","decl":{"start":{"line":130,"column":42},"end":{"line":130,"column":43}},"loc":{"start":{"line":130,"column":52},"end":{"line":134,"column":3}},"line":130},"17":{"name":"(anonymous_17)","decl":{"start":{"line":134,"column":9},"end":{"line":134,"column":10}},"loc":{"start":{"line":134,"column":16},"end":{"line":134,"column":21}},"line":134},"18":{"name":"convertReqCookieIntoArray","decl":{"start":{"line":139,"column":9},"end":{"line":139,"column":34}},"loc":{"start":{"line":139,"column":48},"end":{"line":148,"column":1}},"line":139},"19":{"name":"(anonymous_19)","decl":{"start":{"line":141,"column":9},"end":{"line":141,"column":10}},"loc":{"start":{"line":141,"column":16},"end":{"line":141,"column":24}},"line":141},"20":{"name":"(anonymous_20)","decl":{"start":{"line":142,"column":12},"end":{"line":142,"column":13}},"loc":{"start":{"line":142,"column":19},"end":{"line":142,"column":27}},"line":142},"21":{"name":"formatReqCookie","decl":{"start":{"line":151,"column":9},"end":{"line":151,"column":24}},"loc":{"start":{"line":151,"column":36},"end":{"line":153,"column":1}},"line":151}},"branchMap":{"0":{"loc":{"start":{"line":33,"column":2},"end":{"line":35,"column":3}},"type":"if","locations":[{"start":{"line":33,"column":2},"end":{"line":35,"column":3}},{"start":{"line":33,"column":2},"end":{"line":35,"column":3}}],"line":33},"1":{"loc":{"start":{"line":50,"column":26},"end":{"line":50,"column":143}},"type":"cond-expr","locations":[{"start":{"line":50,"column":66},"end":{"line":50,"column":105}},{"start":{"line":50,"column":108},"end":{"line":50,"column":143}}],"line":50},"2":{"loc":{"start":{"line":93,"column":4},"end":{"line":96,"column":5}},"type":"if","locations":[{"start":{"line":93,"column":4},"end":{"line":96,"column":5}},{"start":{"line":93,"column":4},"end":{"line":96,"column":5}}],"line":93},"3":{"loc":{"start":{"line":117,"column":4},"end":{"line":119,"column":5}},"type":"if","locations":[{"start":{"line":117,"column":4},"end":{"line":119,"column":5}},{"start":{"line":117,"column":4},"end":{"line":119,"column":5}}],"line":117},"4":{"loc":{"start":{"line":131,"column":4},"end":{"line":131,"column":36}},"type":"if","locations":[{"start":{"line":131,"column":4},"end":{"line":131,"column":36}},{"start":{"line":131,"column":4},"end":{"line":131,"column":36}}],"line":131},"5":{"loc":{"start":{"line":132,"column":4},"end":{"line":132,"column":37}},"type":"if","locations":[{"start":{"line":132,"column":4},"end":{"line":132,"column":37}},{"start":{"line":132,"column":4},"end":{"line":132,"column":37}}],"line":132},"6":{"loc":{"start":{"line":133,"column":4},"end":{"line":133,"column":70}},"type":"if","locations":[{"start":{"line":133,"column":4},"end":{"line":133,"column":70}},{"start":{"line":133,"column":4},"end":{"line":133,"column":70}}],"line":133},"7":{"loc":{"start":{"line":144,"column":2},"end":{"line":146,"column":3}},"type":"if","locations":[{"start":{"line":144,"column":2},"end":{"line":146,"column":3}},{"start":{"line":144,"column":2},"end":{"line":146,"column":3}}],"line":144}},"s":{"0":1,"1":4,"2":4,"3":12,"4":4,"5":1,"6":1,"7":1,"8":2,"9":1,"10":6,"11":6,"12":1,"13":1,"14":1,"15":1,"16":1,"17":0,"18":0,"19":0,"20":0,"21":0,"22":0,"23":0,"24":3,"25":3,"26":3,"27":3,"28":3,"29":1,"30":1,"31":1,"32":1,"33":1,"34":3,"35":3,"36":1,"37":1,"38":1,"39":1,"40":3,"41":1,"42":1,"43":2,"44":2,"45":2,"46":2,"47":2,"48":6,"49":6,"50":6,"51":6,"52":6,"53":6,"54":3,"55":6,"56":2,"57":1,"58":2,"59":2,"60":2,"61":6,"62":6,"63":6,"64":6,"65":6,"66":6,"67":5,"68":2,"69":1,"70":1,"71":1,"72":2,"73":1,"74":1,"75":0,"76":1,"77":0,"78":1,"79":1,"80":2,"81":1,"82":1,"83":3,"84":8,"85":8,"86":3,"87":0,"88":3,"89":1,"90":0,"91":1},"f":{"0":4,"1":12,"2":1,"3":2,"4":6,"5":1,"6":3,"7":1,"8":3,"9":1,"10":3,"11":2,"12":2,"13":6,"14":1,"15":2,"16":1,"17":2,"18":3,"19":8,"20":8,"21":0},"b":{"0":[1,0],"1":[0,3],"2":[3,3],"3":[5,1],"4":[0,1],"5":[0,1],"6":[1,0],"7":[0,3]},"_coverageSchema":"1a1c01bbd47fc00a2c39e90264f33305004495a9","hash":"b43487b0cd8c8233a61facdd15202776dfa5c473"}
,"/home/vagrant/workspace/self-study/assign-your-part/models/makeResultPieceMap.js": {"path":"/home/vagrant/workspace/self-study/assign-your-part/models/makeResultPieceMap.js","statementMap":{"0":{"start":{"line":3,"column":31},"end":{"line":3,"column":66}},"1":{"start":{"line":4,"column":24},"end":{"line":4,"column":52}},"2":{"start":{"line":5,"column":20},"end":{"line":5,"column":44}},"3":{"start":{"line":6,"column":15},"end":{"line":6,"column":40}},"4":{"start":{"line":9,"column":29},"end":{"line":9,"column":56}},"5":{"start":{"line":10,"column":22},"end":{"line":10,"column":96}},"6":{"start":{"line":11,"column":25},"end":{"line":11,"column":69}},"7":{"start":{"line":12,"column":2},"end":{"line":12,"column":48}},"8":{"start":{"line":13,"column":2},"end":{"line":13,"column":24}},"9":{"start":{"line":16,"column":0},"end":{"line":16,"column":36}}},"fnMap":{"0":{"name":"makeResultPieceMap","decl":{"start":{"line":8,"column":9},"end":{"line":8,"column":27}},"loc":{"start":{"line":8,"column":33},"end":{"line":14,"column":1}},"line":8}},"branchMap":{},"s":{"0":1,"1":1,"2":1,"3":1,"4":1,"5":1,"6":1,"7":1,"8":1,"9":1},"f":{"0":1},"b":{},"_coverageSchema":"1a1c01bbd47fc00a2c39e90264f33305004495a9","hash":"b6f6eb36c664db93ecfef5831738eb396e2790f8"}
,"/home/vagrant/workspace/self-study/assign-your-part/models/makeUnassignedPieceMap.js": {"path":"/home/vagrant/workspace/self-study/assign-your-part/models/makeUnassignedPieceMap.js","statementMap":{"0":{"start":{"line":3,"column":15},"end":{"line":3,"column":40}},"1":{"start":{"line":4,"column":49},"end":{"line":4,"column":77}},"2":{"start":{"line":7,"column":20},"end":{"line":7,"column":85}},"3":{"start":{"line":9,"column":25},"end":{"line":9,"column":82}},"4":{"start":{"line":10,"column":26},"end":{"line":10,"column":178}},"5":{"start":{"line":11,"column":19},"end":{"line":11,"column":28}},"6":{"start":{"line":18,"column":27},"end":{"line":18,"column":87}},"7":{"start":{"line":18,"column":73},"end":{"line":18,"column":86}},"8":{"start":{"line":21,"column":2},"end":{"line":41,"column":5}},"9":{"start":{"line":23,"column":29},"end":{"line":23,"column":38}},"10":{"start":{"line":24,"column":28},"end":{"line":24,"column":52}},"11":{"start":{"line":26,"column":6},"end":{"line":29,"column":11}},"12":{"start":{"line":26,"column":40},"end":{"line":26,"column":96}},"13":{"start":{"line":28,"column":10},"end":{"line":28,"column":39}},"14":{"start":{"line":30,"column":6},"end":{"line":30,"column":28}},"15":{"start":{"line":32,"column":27},"end":{"line":32,"column":59}},"16":{"start":{"line":33,"column":25},"end":{"line":37,"column":6}},"17":{"start":{"line":39,"column":4},"end":{"line":39,"column":42}},"18":{"start":{"line":47,"column":2},"end":{"line":47,"column":18}},"19":{"start":{"line":50,"column":0},"end":{"line":50,"column":40}}},"fnMap":{"0":{"name":"makeUnassignedPieceMap","decl":{"start":{"line":6,"column":9},"end":{"line":6,"column":31}},"loc":{"start":{"line":6,"column":37},"end":{"line":48,"column":1}},"line":6},"1":{"name":"(anonymous_1)","decl":{"start":{"line":18,"column":50},"end":{"line":18,"column":51}},"loc":{"start":{"line":18,"column":73},"end":{"line":18,"column":86}},"line":18},"2":{"name":"(anonymous_2)","decl":{"start":{"line":21,"column":25},"end":{"line":21,"column":26}},"loc":{"start":{"line":21,"column":54},"end":{"line":41,"column":3}},"line":21},"3":{"name":"makePlayerCountMap","decl":{"start":{"line":22,"column":13},"end":{"line":22,"column":31}},"loc":{"start":{"line":22,"column":46},"end":{"line":31,"column":5}},"line":22},"4":{"name":"(anonymous_4)","decl":{"start":{"line":26,"column":30},"end":{"line":26,"column":31}},"loc":{"start":{"line":26,"column":40},"end":{"line":26,"column":96}},"line":26},"5":{"name":"(anonymous_5)","decl":{"start":{"line":27,"column":17},"end":{"line":27,"column":18}},"loc":{"start":{"line":27,"column":27},"end":{"line":29,"column":9}},"line":27}},"branchMap":{"0":{"loc":{"start":{"line":10,"column":26},"end":{"line":10,"column":178}},"type":"cond-expr","locations":[{"start":{"line":10,"column":57},"end":{"line":10,"column":103}},{"start":{"line":10,"column":106},"end":{"line":10,"column":178}}],"line":10},"1":{"loc":{"start":{"line":26,"column":40},"end":{"line":26,"column":96}},"type":"binary-expr","locations":[{"start":{"line":26,"column":40},"end":{"line":26,"column":58}},{"start":{"line":26,"column":62},"end":{"line":26,"column":96}}],"line":26}},"s":{"0":1,"1":1,"2":1,"3":1,"4":1,"5":1,"6":1,"7":18,"8":1,"9":2,"10":2,"11":2,"12":12,"13":6,"14":2,"15":2,"16":2,"17":2,"18":1,"19":1},"f":{"0":1,"1":18,"2":2,"3":2,"4":12,"5":6},"b":{"0":[1,0],"1":[12,9]},"_coverageSchema":"1a1c01bbd47fc00a2c39e90264f33305004495a9","hash":"6690fdf98791b5b1d0a48774b89f2eb24df0fba8"}
}
