TN:
SF:models/assignParts.js
FN:9,assignParts
FN:14,(anonymous_1)
FNF:2
FNH:2
FNDA:1,assignParts
FNDA:2,(anonymous_1)
DA:6,1
DA:7,1
DA:10,1
DA:11,1
DA:12,1
DA:14,1
DA:15,2
DA:16,2
DA:17,2
DA:18,2
DA:20,2
DA:22,2
DA:24,1
DA:26,1
LF:14
LH:14
BRF:0
BRH:0
end_of_record
TN:
SF:models/assigntmentFunc.js
FN:6,sumPlayer
FN:8,(anonymous_1)
FN:15,countPlayerTotal
FN:17,(anonymous_3)
FN:23,chooseIndex
FN:28,chooseExtraPlayer
FN:48,makeMemberInfoMap
FN:57,makeMemberMap
FN:63,(anonymous_8)
FN:71,makeUnAssignedMemberMap
FN:73,(anonymous_10)
FN:80,makePlayerArray
FN:106,makeAssigntmentMap
FN:110,(anonymous_13)
FN:125,makeSortedPieceArray
FN:127,(anonymous_15)
FN:130,(anonymous_16)
FN:134,(anonymous_17)
FN:139,convertReqCookieIntoArray
FN:141,(anonymous_19)
FN:142,(anonymous_20)
FN:151,formatReqCookie
FNF:22
FNH:21
FNDA:4,sumPlayer
FNDA:12,(anonymous_1)
FNDA:1,countPlayerTotal
FNDA:2,(anonymous_3)
FNDA:6,chooseIndex
FNDA:1,chooseExtraPlayer
FNDA:3,makeMemberInfoMap
FNDA:1,makeMemberMap
FNDA:3,(anonymous_8)
FNDA:1,makeUnAssignedMemberMap
FNDA:3,(anonymous_10)
FNDA:2,makePlayerArray
FNDA:2,makeAssigntmentMap
FNDA:6,(anonymous_13)
FNDA:1,makeSortedPieceArray
FNDA:2,(anonymous_15)
FNDA:1,(anonymous_16)
FNDA:2,(anonymous_17)
FNDA:3,convertReqCookieIntoArray
FNDA:8,(anonymous_19)
FNDA:8,(anonymous_20)
FNDA:0,formatReqCookie
DA:4,1
DA:7,4
DA:8,4
DA:9,12
DA:11,4
DA:13,1
DA:16,1
DA:17,1
DA:18,2
DA:20,1
DA:24,6
DA:25,6
DA:29,1
DA:30,1
DA:31,1
DA:33,1
DA:34,1
DA:36,0
DA:37,0
DA:38,0
DA:39,0
DA:40,0
DA:41,0
DA:45,0
DA:49,3
DA:50,3
DA:51,3
DA:52,3
DA:54,3
DA:58,1
DA:59,1
DA:60,1
DA:61,1
DA:63,1
DA:64,3
DA:65,3
DA:67,1
DA:69,1
DA:72,1
DA:73,1
DA:74,3
DA:76,1
DA:78,1
DA:81,2
DA:82,2
DA:84,2
DA:85,2
DA:86,2
DA:87,6
DA:88,6
DA:89,6
DA:90,6
DA:92,6
DA:93,6
DA:94,3
DA:98,6
DA:102,2
DA:104,1
DA:107,2
DA:108,2
DA:110,2
DA:111,6
DA:112,6
DA:114,6
DA:115,6
DA:117,6
DA:118,5
DA:121,2
DA:123,1
DA:126,1
DA:127,1
DA:128,2
DA:130,1
DA:131,1
DA:132,1
DA:133,1
DA:134,2
DA:135,1
DA:137,1
DA:140,3
DA:141,8
DA:142,8
DA:144,3
DA:145,0
DA:147,3
DA:149,1
DA:152,0
DA:154,1
LF:88
LH:79
BRDA:33,0,0,1
BRDA:33,0,1,0
BRDA:50,1,0,0
BRDA:50,1,1,3
BRDA:93,2,0,3
BRDA:93,2,1,3
BRDA:117,3,0,5
BRDA:117,3,1,1
BRDA:131,4,0,0
BRDA:131,4,1,1
BRDA:132,5,0,0
BRDA:132,5,1,1
BRDA:133,6,0,1
BRDA:133,6,1,0
BRDA:144,7,0,0
BRDA:144,7,1,3
BRF:16
BRH:10
end_of_record
TN:
SF:models/makeResultPieceMap.js
FN:8,makeResultPieceMap
FNF:1
FNH:1
FNDA:1,makeResultPieceMap
DA:3,1
DA:4,1
DA:5,1
DA:6,1
DA:9,1
DA:10,1
DA:11,1
DA:12,1
DA:13,1
DA:16,1
LF:10
LH:10
BRF:0
BRH:0
end_of_record
TN:
SF:models/makeUnassignedPieceMap.js
FN:6,makeUnassignedPieceMap
FN:18,(anonymous_1)
FN:21,(anonymous_2)
FN:22,makePlayerCountMap
FN:26,(anonymous_4)
FN:27,(anonymous_5)
FNF:6
FNH:6
FNDA:1,makeUnassignedPieceMap
FNDA:18,(anonymous_1)
FNDA:2,(anonymous_2)
FNDA:2,makePlayerCountMap
FNDA:12,(anonymous_4)
FNDA:6,(anonymous_5)
DA:3,1
DA:4,1
DA:7,1
DA:9,1
DA:10,1
DA:11,1
DA:18,18
DA:21,1
DA:23,2
DA:24,2
DA:26,12
DA:28,6
DA:30,2
DA:32,2
DA:33,2
DA:39,2
DA:47,1
DA:50,1
LF:18
LH:18
BRDA:10,0,0,1
BRDA:10,0,1,0
BRDA:26,1,0,12
BRDA:26,1,1,9
BRF:4
BRH:3
end_of_record
